[debug] [2024-07-03T12:26:00.777Z] ----------------------------------------------------------------------
[debug] [2024-07-03T12:26:00.782Z] Command:       C:\Program Files\nodejs\node.exe C:\Users\dr250385\AppData\Roaming\npm\node_modules\firebase-tools\lib\bin\firebase.js init --debug
[debug] [2024-07-03T12:26:00.782Z] CLI Version:   13.12.0
[debug] [2024-07-03T12:26:00.782Z] Platform:      win32
[debug] [2024-07-03T12:26:00.782Z] Node Version:  v21.2.0
[debug] [2024-07-03T12:26:00.783Z] Time:          Wed Jul 03 2024 14:26:00 GMT+0200 (Central European Summer Time)
[debug] [2024-07-03T12:26:00.783Z] ----------------------------------------------------------------------
[debug] 
[debug] [2024-07-03T12:26:00.794Z] > command requires scopes: ["email","openid","https://www.googleapis.com/auth/cloudplatformprojects.readonly","https://www.googleapis.com/auth/firebase","https://www.googleapis.com/auth/cloud-platform"]
[debug] [2024-07-03T12:26:00.796Z] > authorizing via signed-in user (radic.dejan.nbg@gmail.com)
[info] 
     ######## #### ########  ######## ########     ###     ######  ########
     ##        ##  ##     ## ##       ##     ##  ##   ##  ##       ##
     ######    ##  ########  ######   ########  #########  ######  ######
     ##        ##  ##    ##  ##       ##     ## ##     ##       ## ##
     ##       #### ##     ## ######## ########  ##     ##  ######  ########

You're about to initialize a Firebase project in this directory:

  C:\deki programiranje\Net Ninja Vue\muso-ninjas

Before we get started, keep in mind:

  * You are currently outside your home directory

[info] 
=== Project Setup
[info] 
[info] First, let's associate this project directory with a Firebase project.
[info] You can create multiple project aliases by running firebase use --add, 
[info] but for now we'll just set up a default project.
[info] 
[debug] [2024-07-03T12:26:21.021Z] >>> [apiv2][query] GET https://firebase.googleapis.com/v1beta1/projects pageSize=100
[debug] [2024-07-03T12:26:21.629Z] <<< [apiv2][status] GET https://firebase.googleapis.com/v1beta1/projects 200
[debug] [2024-07-03T12:26:21.630Z] <<< [apiv2][body] GET https://firebase.googleapis.com/v1beta1/projects [omitted]
[info] i  Using project muso-86ef8 (Muso Ninjas) 
[info] 
=== Firestore Setup
[debug] [2024-07-03T12:26:25.944Z] >>> [apiv2][query] GET https://serviceusage.googleapis.com/v1/projects/muso-86ef8/services/firestore.googleapis.com [none]
[debug] [2024-07-03T12:26:25.945Z] >>> [apiv2][(partial)header] GET https://serviceusage.googleapis.com/v1/projects/muso-86ef8/services/firestore.googleapis.com x-goog-quota-user=projects/muso-86ef8
[debug] [2024-07-03T12:26:26.929Z] <<< [apiv2][status] GET https://serviceusage.googleapis.com/v1/projects/muso-86ef8/services/firestore.googleapis.com 200
[debug] [2024-07-03T12:26:26.930Z] <<< [apiv2][body] GET https://serviceusage.googleapis.com/v1/projects/muso-86ef8/services/firestore.googleapis.com [omitted]
[debug] [2024-07-03T12:26:26.931Z] >>> [apiv2][query] GET https://firestore.googleapis.com/v1/projects/muso-86ef8/databases/(default) [none]
[debug] [2024-07-03T12:26:27.798Z] <<< [apiv2][status] GET https://firestore.googleapis.com/v1/projects/muso-86ef8/databases/(default) 200
[debug] [2024-07-03T12:26:27.798Z] <<< [apiv2][body] GET https://firestore.googleapis.com/v1/projects/muso-86ef8/databases/(default) {"name":"projects/muso-86ef8/databases/(default)","uid":"8523df61-0f3a-4c61-9be5-1c1d88330f20","createTime":"2024-07-03T12:21:45.887445Z","updateTime":"2024-07-03T12:21:45.887445Z","locationId":"nam5","type":"FIRESTORE_NATIVE","concurrencyMode":"PESSIMISTIC","versionRetentionPeriod":"3600s","earliestVersionTime":"2024-07-03T12:21:45.887445Z","appEngineIntegrationMode":"DISABLED","keyPrefix":"s","pointInTimeRecoveryEnablement":"POINT_IN_TIME_RECOVERY_DISABLED","deleteProtectionState":"DELETE_PROTECTION_DISABLED","etag":"IKjN/4TviocDMLmg7tDuiocD"}
[debug] [2024-07-03T12:26:27.800Z] database_type: FIRESTORE_NATIVE
[debug] [2024-07-03T12:26:27.800Z] > command requires scopes: ["email","openid","https://www.googleapis.com/auth/cloudplatformprojects.readonly","https://www.googleapis.com/auth/firebase","https://www.googleapis.com/auth/cloud-platform"]
[debug] [2024-07-03T12:26:27.801Z] > authorizing via signed-in user (radic.dejan.nbg@gmail.com)
[debug] [2024-07-03T12:26:27.801Z] [iam] checking project muso-86ef8 for permissions ["firebase.projects.get"]
[debug] [2024-07-03T12:26:27.802Z] >>> [apiv2][query] POST https://cloudresourcemanager.googleapis.com/v1/projects/muso-86ef8:testIamPermissions [none]
[debug] [2024-07-03T12:26:27.803Z] >>> [apiv2][(partial)header] POST https://cloudresourcemanager.googleapis.com/v1/projects/muso-86ef8:testIamPermissions x-goog-quota-user=projects/muso-86ef8
[debug] [2024-07-03T12:26:27.803Z] >>> [apiv2][body] POST https://cloudresourcemanager.googleapis.com/v1/projects/muso-86ef8:testIamPermissions {"permissions":["firebase.projects.get"]}
[debug] [2024-07-03T12:26:28.142Z] <<< [apiv2][status] POST https://cloudresourcemanager.googleapis.com/v1/projects/muso-86ef8:testIamPermissions 200
[debug] [2024-07-03T12:26:28.142Z] <<< [apiv2][body] POST https://cloudresourcemanager.googleapis.com/v1/projects/muso-86ef8:testIamPermissions {"permissions":["firebase.projects.get"]}
[info] 
[info] Firestore Security Rules allow you to define how and when to allow
[info] requests. You can keep these rules in your project directory
[info] and publish them with firebase deploy.
[info] 
[debug] [2024-07-03T12:26:36.091Z] >>> [apiv2][query] GET https://firebaserules.googleapis.com/v1/projects/muso-86ef8/releases pageSize=10&pageToken=
[debug] [2024-07-03T12:26:37.020Z] <<< [apiv2][status] GET https://firebaserules.googleapis.com/v1/projects/muso-86ef8/releases 200
[debug] [2024-07-03T12:26:37.020Z] <<< [apiv2][body] GET https://firebaserules.googleapis.com/v1/projects/muso-86ef8/releases {"releases":[{"name":"projects/muso-86ef8/releases/firebase.storage/muso-86ef8.appspot.com","rulesetName":"projects/muso-86ef8/rulesets/d8f47ef2-a899-43a7-9e2b-53a357603cb6","createTime":"2024-07-03T12:22:55.361304Z","updateTime":"2024-07-03T12:22:55.361304Z"}]}
[debug] [2024-07-03T12:26:37.021Z] No rulesets found, using default.
[info] 
[info] Firestore indexes allow you to perform complex queries while
[info] maintaining performance that scales with the size of the result
[info] set. You can keep index definitions in your project directory
[info] and publish them with firebase deploy.
[info] 
[debug] [2024-07-03T12:26:41.490Z] >>> [apiv2][query] GET https://firestore.googleapis.com/v1/projects/muso-86ef8/databases/(default)/collectionGroups/-/indexes [none]
[debug] [2024-07-03T12:26:41.493Z] >>> [apiv2][query] GET https://firestore.googleapis.com/v1/projects/muso-86ef8/databases/(default)/collectionGroups/-/fields?filter=indexConfig.usesAncestorConfig=false OR ttlConfig:* [none]
[debug] [2024-07-03T12:26:42.299Z] <<< [apiv2][status] GET https://firestore.googleapis.com/v1/projects/muso-86ef8/databases/(default)/collectionGroups/-/fields?filter=indexConfig.usesAncestorConfig=false OR ttlConfig:* 200
[debug] [2024-07-03T12:26:42.300Z] <<< [apiv2][body] GET https://firestore.googleapis.com/v1/projects/muso-86ef8/databases/(default)/collectionGroups/-/fields?filter=indexConfig.usesAncestorConfig=false OR ttlConfig:* {"fields":[{"name":"projects/muso-86ef8/databases/(default)/collectionGroups/__default__/fields/*","indexConfig":{"indexes":[{"queryScope":"COLLECTION","fields":[{"fieldPath":"*","order":"ASCENDING"}],"state":"READY"},{"queryScope":"COLLECTION","fields":[{"fieldPath":"*","order":"DESCENDING"}],"state":"READY"},{"queryScope":"COLLECTION","fields":[{"fieldPath":"*","arrayConfig":"CONTAINS"}],"state":"READY"}]}}]}
[debug] [2024-07-03T12:26:42.314Z] <<< [apiv2][status] GET https://firestore.googleapis.com/v1/projects/muso-86ef8/databases/(default)/collectionGroups/-/indexes 200
[debug] [2024-07-03T12:26:42.315Z] <<< [apiv2][body] GET https://firestore.googleapis.com/v1/projects/muso-86ef8/databases/(default)/collectionGroups/-/indexes {}
[info] 
=== Hosting Setup
[debug] [2024-07-03T12:26:42.321Z] >>> [apiv2][query] GET https://firebase.googleapis.com/v1beta1/projects/muso-86ef8 [none]
[debug] [2024-07-03T12:26:42.862Z] <<< [apiv2][status] GET https://firebase.googleapis.com/v1beta1/projects/muso-86ef8 200
[debug] [2024-07-03T12:26:42.863Z] <<< [apiv2][body] GET https://firebase.googleapis.com/v1beta1/projects/muso-86ef8 {"projectId":"muso-86ef8","projectNumber":"845014415488","displayName":"Muso Ninjas","name":"projects/muso-86ef8","resources":{"hostingSite":"muso-86ef8","storageBucket":"muso-86ef8.appspot.com","locationId":"us-central"},"state":"ACTIVE","etag":"1_0776f81c-0442-4d05-ad3d-6420492b6590"}
[info] 
[info] Your public directory is the folder (relative to your project directory) that
[info] will contain Hosting assets to be uploaded with firebase deploy. If you
[info] have a build process for your assets, use your build's output directory.
[info] 
[debug] [2024-07-03T12:27:01.386Z] >>> [apiv2][query] GET https://www.gstatic.com/firebasejs/releases.json [none]
[debug] [2024-07-03T12:27:01.526Z] <<< [apiv2][status] GET https://www.gstatic.com/firebasejs/releases.json 200
[debug] [2024-07-03T12:27:01.526Z] <<< [apiv2][body] GET https://www.gstatic.com/firebasejs/releases.json {"current":{"version":"10.12.2","browserURL":"https://www.gstatic.com/firebasejs/10.12.2/firebase.js","packageURL":"https://www.gstatic.com/firebasejs/10.12.2/firebase.tgz"},"live":{"version":"10.12","browserURL":"https://www.gstatic.com/firebasejs/live/10.12/firebase.js","packageURL":"https://www.gstatic.com/firebasejs/live/10.12/firebase.tgz"},"components":{"analytics":"https://www.gstatic.com/firebasejs/10.12.2/firebase-analytics.js","app":"https://www.gstatic.com/firebasejs/10.12.2/firebase-app.js","app-check":"https://www.gstatic.com/firebasejs/10.12.2/firebase-app-check.js","auth":"https://www.gstatic.com/firebasejs/10.12.2/firebase-auth.js","auth/cordova":"https://www.gstatic.com/firebasejs/10.12.2/firebase-auth/cordova.js","auth/web-extension":"https://www.gstatic.com/firebasejs/10.12.2/firebase-auth/web-extension.js","functions":"https://www.gstatic.com/firebasejs/10.12.2/firebase-functions.js","firestore":"https://www.gstatic.com/firebasejs/10.12.2/firebase-firestore.js","firestore/lite":"https://www.gstatic.com/firebasejs/10.12.2/firebase-firestore/lite.js","installations":"https://www.gstatic.com/firebasejs/10.12.2/firebase-installations.js","storage":"https://www.gstatic.com/firebasejs/10.12.2/firebase-storage.js","performance":"https://www.gstatic.com/firebasejs/10.12.2/firebase-performance.js","remote-config":"https://www.gstatic.com/firebasejs/10.12.2/firebase-remote-config.js","messaging":"https://www.gstatic.com/firebasejs/10.12.2/firebase-messaging.js","messaging/sw":"https://www.gstatic.com/firebasejs/10.12.2/firebase-messaging/sw.js","database":"https://www.gstatic.com/firebasejs/10.12.2/firebase-database.js","vertexai-preview":"https://www.gstatic.com/firebasejs/10.12.2/firebase-vertexai-preview.js","firestore.memory":"https://www.gstatic.com/firebasejs/10.12.2/firebase-firestore.memory.js"}}
[info] +  Wrote dist/index.html 
[info] 
=== Storage Setup
[info] 
[info] Firebase Storage Security Rules allow you to define how and when to allow
[info] uploads and downloads. You can keep these rules in your project directory
[info] and publish them with firebase deploy.
[info] 
[info] +  Wrote storage.rules 
[info] 
[info] i  Writing configuration info to firebase.json... 
[info] i  Writing project information to .firebaserc... 
[info] 
[info] +  Firebase initialization complete! 
